<?xml version="1.0" encoding="UTF-8"?>
<!-- Generated by org.testng.reporters.JUnitReportReporter -->
<testsuite skipped="0" hostname="DESKTOP-BN38MV7" name="Testcase.RMSubCategory" tests="1" failures="0" timestamp="26 Feb 2023 08:16:48 GMT" time="41.267" errors="0">
  <testcase name="Test01" time="41.267" classname="Testcase.RMSubCategory"/>
</testsuite> <!-- Testcase.RMSubCategory -->
