<?xml version="1.0" encoding="UTF-8"?>
<!-- Generated by org.testng.reporters.JUnitReportReporter -->
<testsuite skipped="0" hostname="DESKTOP-BN38MV7" name="Testcase.testcase1" tests="1" failures="0" timestamp="22 Feb 2023 09:51:10 GMT" time="4.665" errors="0">
  <testcase name="test" time="4.665" classname="Testcase.testcase1"/>
</testsuite> <!-- Testcase.testcase1 -->
