<?xml version="1.0" encoding="UTF-8"?>
<!-- Generated by org.testng.reporters.JUnitReportReporter -->
<testsuite skipped="0" hostname="DESKTOP-BN38MV7" name="Testcase.FBSubCategory" tests="1" failures="0" timestamp="26 Feb 2023 08:03:09 GMT" time="48.695" errors="0">
  <testcase name="Test02" time="48.695" classname="Testcase.FBSubCategory"/>
</testsuite> <!-- Testcase.FBSubCategory -->
