<?xml version="1.0" encoding="UTF-8"?>
<!-- Generated by org.testng.reporters.JUnitReportReporter -->
<testsuite skipped="0" hostname="DESKTOP-BN38MV7" name="Testcase.SourceFieldEnable" tests="1" failures="0" timestamp="23 Feb 2023 11:22:40 GMT" time="29.895" errors="0">
  <testcase name="test2" time="29.895" classname="Testcase.SourceFieldEnable"/>
</testsuite> <!-- Testcase.SourceFieldEnable -->
