<?xml version="1.0" encoding="UTF-8"?>
<!-- Generated by org.testng.reporters.JUnitReportReporter -->
<testsuite skipped="0" hostname="DESKTOP-BN38MV7" name="Testcase.TestcaseForMaterialSBUWise" tests="3" failures="0" timestamp="26 Feb 2023 07:58:01 GMT" time="104.490" errors="0">
  <testcase name="Test01" time="37.637" classname="Testcase.TestcaseForMaterialSBUWise"/>
  <testcase name="Test02" time="40.210" classname="Testcase.TestcaseForMaterialSBUWise"/>
  <testcase name="Test03" time="26.643" classname="Testcase.TestcaseForMaterialSBUWise"/>
</testsuite> <!-- Testcase.TestcaseForMaterialSBUWise -->
