<?xml version="1.0" encoding="UTF-8"?>
<!-- Generated by org.testng.reporters.JUnitReportReporter -->
<testsuite skipped="0" hostname="DESKTOP-BN38MV7" name="Testcase.trycatchExercise" tests="1" failures="0" timestamp="26 Feb 2023 07:02:35 GMT" time="9.714" errors="0">
  <testcase name="test" time="9.714" classname="Testcase.trycatchExercise"/>
</testsuite> <!-- Testcase.trycatchExercise -->
