<?xml version="1.0" encoding="UTF-8"?>
<!-- Generated by org.testng.reporters.JUnitReportReporter -->
<testsuite skipped="0" hostname="DESKTOP-BN38MV7" name="Testcase.AddMaterialMainCategoryFunctionality" tests="1" failures="0" timestamp="26 Feb 2023 07:16:03 GMT" time="33.059" errors="0">
  <testcase name="test" time="33.059" classname="Testcase.AddMaterialMainCategoryFunctionality"/>
</testsuite> <!-- Testcase.AddMaterialMainCategoryFunctionality -->
