<?xml version="1.0" encoding="UTF-8"?>
<!-- Generated by org.testng.reporters.JUnitReportReporter -->
<testsuite skipped="0" hostname="DESKTOP-BN38MV7" name="Testcase.testex" tests="3" failures="0" timestamp="24 Feb 2023 04:28:17 GMT" time="93.936" errors="0">
  <testcase name="Test01" time="33.799" classname="Testcase.testex"/>
  <testcase name="Test02" time="33.551" classname="Testcase.testex"/>
  <testcase name="Test03" time="26.586" classname="Testcase.testex"/>
</testsuite> <!-- Testcase.testex -->
