<?xml version="1.0" encoding="UTF-8"?>
<!-- Generated by org.testng.reporters.JUnitReportReporter -->
<testsuite skipped="0" hostname="DESKTOP-BN38MV7" name="Testcase.FPSubCategory" tests="1" failures="0" timestamp="26 Feb 2023 08:31:05 GMT" time="40.557" errors="0">
  <testcase name="Test02" time="40.557" classname="Testcase.FPSubCategory"/>
</testsuite> <!-- Testcase.FPSubCategory -->
